Build started 12/6/2015 11:15:18 AM.
     1>Project "G:\arko\Computer Programming 3 projects\stats\stats\stats.vcxproj" on node 2 (Build target(s)).
     1>ClCompile:
         C:\Program Files (x86)\Microsoft Visual Studio 12.0\VC\bin\CL.exe /c /ZI /nologo /W3 /WX- /sdl /Od /Oy- /D WIN32 /D _DEBUG /D _CONSOLE /D _LIB /D _UNICODE /D UNICODE /Gm /EHsc /RTC1 /MDd /GS /fp:precise /Zc:wchar_t /Zc:forScope /Yc"stdafx.h" /Fp"Debug\stats.pch" /Fo"Debug\\" /Fd"Debug\vc120.pdb" /Gd /TP /analyze- /errorReport:prompt stdafx.cpp
         stdafx.cpp
         C:\Program Files (x86)\Microsoft Visual Studio 12.0\VC\bin\CL.exe /c /ZI /nologo /W3 /WX- /sdl /Od /Oy- /D WIN32 /D _DEBUG /D _CONSOLE /D _LIB /D _UNICODE /D UNICODE /Gm /EHsc /RTC1 /MDd /GS /fp:precise /Zc:wchar_t /Zc:forScope /Yu"stdafx.h" /Fp"Debug\stats.pch" /Fo"Debug\\" /Fd"Debug\vc120.pdb" /Gd /TP /analyze- /errorReport:prompt "stat calc.cpp" stats.cpp
         stats.cpp
     1>g:\arko\computer programming 3 projects\stats\stats\stat calc.h(9): error C2011: 'stat' : 'struct' type redefinition
                 c:\program files (x86)\microsoft visual studio 12.0\vc\include\wchar.h(517) : see declaration of 'stat'
     1>g:\arko\computer programming 3 projects\stats\stats\stats.cpp(17): error C2079: 's' uses undefined struct 'stat'
     1>g:\arko\computer programming 3 projects\stats\stats\stats.cpp(36): error C2228: left of '.setnums' must have class/struct/union
                 type is 'int'
     1>g:\arko\computer programming 3 projects\stats\stats\stats.cpp(37): error C2228: left of '.genarrnum' must have class/struct/union
                 type is 'int'
     1>g:\arko\computer programming 3 projects\stats\stats\stats.cpp(40): error C2228: left of '.mean' must have class/struct/union
                 type is 'int'
     1>g:\arko\computer programming 3 projects\stats\stats\stats.cpp(44): error C2228: left of '.median' must have class/struct/union
                 type is 'int'
     1>g:\arko\computer programming 3 projects\stats\stats\stats.cpp(48): error C2228: left of '.mode' must have class/struct/union
                 type is 'int'
     1>g:\arko\computer programming 3 projects\stats\stats\stats.cpp(52): error C2228: left of '.getrange' must have class/struct/union
                 type is 'int'
     1>g:\arko\computer programming 3 projects\stats\stats\stats.cpp(56): error C2228: left of '.funum' must have class/struct/union
                 type is 'int'
     1>g:\arko\computer programming 3 projects\stats\stats\stats.cpp(60): error C2228: left of '.shuffle' must have class/struct/union
                 type is 'int'
         stat calc.cpp
     1>g:\arko\computer programming 3 projects\stats\stats\stat calc.h(9): error C2011: 'stat' : 'struct' type redefinition
                 c:\program files (x86)\microsoft visual studio 12.0\vc\include\wchar.h(517) : see declaration of 'stat'
     1>g:\arko\computer programming 3 projects\stats\stats\stat calc.cpp(3): error C2027: use of undefined type 'stat'
                 c:\program files (x86)\microsoft visual studio 12.0\vc\include\wchar.h(517) : see declaration of 'stat'
     1>g:\arko\computer programming 3 projects\stats\stats\stat calc.cpp(5): error C2065: 'mynon' : undeclared identifier
     1>g:\arko\computer programming 3 projects\stats\stats\stat calc.cpp(6): error C2065: 'mymin' : undeclared identifier
     1>g:\arko\computer programming 3 projects\stats\stats\stat calc.cpp(7): error C2065: 'mymax' : undeclared identifier
     1>g:\arko\computer programming 3 projects\stats\stats\stat calc.cpp(9): error C2027: use of undefined type 'stat'
                 c:\program files (x86)\microsoft visual studio 12.0\vc\include\wchar.h(517) : see declaration of 'stat'
     1>g:\arko\computer programming 3 projects\stats\stats\stat calc.cpp(11): error C2065: 'mynon' : undeclared identifier
     1>g:\arko\computer programming 3 projects\stats\stats\stat calc.cpp(12): error C2065: 'mymin' : undeclared identifier
     1>g:\arko\computer programming 3 projects\stats\stats\stat calc.cpp(13): error C2065: 'mymax' : undeclared identifier
     1>g:\arko\computer programming 3 projects\stats\stats\stat calc.cpp(14): error C2065: 'rge' : undeclared identifier
     1>g:\arko\computer programming 3 projects\stats\stats\stat calc.cpp(16): error C2027: use of undefined type 'stat'
                 c:\program files (x86)\microsoft visual studio 12.0\vc\include\wchar.h(517) : see declaration of 'stat'
     1>g:\arko\computer programming 3 projects\stats\stats\stat calc.cpp(18): error C2065: 'mynon' : undeclared identifier
     1>g:\arko\computer programming 3 projects\stats\stats\stat calc.cpp(20): error C2065: 'arrnum' : undeclared identifier
     1>g:\arko\computer programming 3 projects\stats\stats\stat calc.cpp(20): error C2065: 'rge' : undeclared identifier
     1>g:\arko\computer programming 3 projects\stats\stats\stat calc.cpp(20): error C2065: 'mymin' : undeclared identifier
     1>g:\arko\computer programming 3 projects\stats\stats\stat calc.cpp(23): error C2027: use of undefined type 'stat'
                 c:\program files (x86)\microsoft visual studio 12.0\vc\include\wchar.h(517) : see declaration of 'stat'
     1>g:\arko\computer programming 3 projects\stats\stats\stat calc.cpp(25): error C2065: 'ans' : undeclared identifier
     1>g:\arko\computer programming 3 projects\stats\stats\stat calc.cpp(25): error C2065: 'rge' : undeclared identifier
     1>g:\arko\computer programming 3 projects\stats\stats\stat calc.cpp(26): error C2065: 'ans' : undeclared identifier
     1>g:\arko\computer programming 3 projects\stats\stats\stat calc.cpp(28): error C2027: use of undefined type 'stat'
                 c:\program files (x86)\microsoft visual studio 12.0\vc\include\wchar.h(517) : see declaration of 'stat'
     1>g:\arko\computer programming 3 projects\stats\stats\stat calc.cpp(33): error C2065: 'mynon' : undeclared identifier
     1>g:\arko\computer programming 3 projects\stats\stats\stat calc.cpp(35): error C2065: 'arrnum' : undeclared identifier
     1>g:\arko\computer programming 3 projects\stats\stats\stat calc.cpp(38): error C2065: 'mynon' : undeclared identifier
     1>g:\arko\computer programming 3 projects\stats\stats\stat calc.cpp(40): error C2065: 'mynon' : undeclared identifier
     1>g:\arko\computer programming 3 projects\stats\stats\stat calc.cpp(50): error C2065: 'ans' : undeclared identifier
     1>g:\arko\computer programming 3 projects\stats\stats\stat calc.cpp(51): error C2065: 'ans' : undeclared identifier
     1>g:\arko\computer programming 3 projects\stats\stats\stat calc.cpp(53): error C2027: use of undefined type 'stat'
                 c:\program files (x86)\microsoft visual studio 12.0\vc\include\wchar.h(517) : see declaration of 'stat'
     1>g:\arko\computer programming 3 projects\stats\stats\stat calc.cpp(55): error C2065: 'ans' : undeclared identifier
     1>g:\arko\computer programming 3 projects\stats\stats\stat calc.cpp(56): error C2065: 'mynon' : undeclared identifier
     1>g:\arko\computer programming 3 projects\stats\stats\stat calc.cpp(58): error C2065: 'ans' : undeclared identifier
     1>g:\arko\computer programming 3 projects\stats\stats\stat calc.cpp(58): error C2065: 'arrnum' : undeclared identifier
     1>g:\arko\computer programming 3 projects\stats\stats\stat calc.cpp(60): error C2065: 'ans' : undeclared identifier
     1>g:\arko\computer programming 3 projects\stats\stats\stat calc.cpp(60): error C2065: 'mynon' : undeclared identifier
     1>g:\arko\computer programming 3 projects\stats\stats\stat calc.cpp(61): error C2065: 'ans' : undeclared identifier
     1>g:\arko\computer programming 3 projects\stats\stats\stat calc.cpp(63): error C2027: use of undefined type 'stat'
                 c:\program files (x86)\microsoft visual studio 12.0\vc\include\wchar.h(517) : see declaration of 'stat'
     1>g:\arko\computer programming 3 projects\stats\stats\stat calc.cpp(66): error C2065: 'mynon' : undeclared identifier
     1>g:\arko\computer programming 3 projects\stats\stats\stat calc.cpp(68): error C2065: 'mynon' : undeclared identifier
     1>g:\arko\computer programming 3 projects\stats\stats\stat calc.cpp(70): error C2065: 'arrnum' : undeclared identifier
     1>g:\arko\computer programming 3 projects\stats\stats\stat calc.cpp(72): error C2065: 'arrnum' : undeclared identifier
     1>g:\arko\computer programming 3 projects\stats\stats\stat calc.cpp(73): error C2065: 'arrnum' : undeclared identifier
     1>g:\arko\computer programming 3 projects\stats\stats\stat calc.cpp(74): error C2065: 'arrnum' : undeclared identifier
     1>g:\arko\computer programming 3 projects\stats\stats\stat calc.cpp(78): error C2065: 'ans' : undeclared identifier
     1>g:\arko\computer programming 3 projects\stats\stats\stat calc.cpp(80): error C2027: use of undefined type 'stat'
                 c:\program files (x86)\microsoft visual studio 12.0\vc\include\wchar.h(517) : see declaration of 'stat'
     1>g:\arko\computer programming 3 projects\stats\stats\stat calc.cpp(82): error C2065: 'mynon' : undeclared identifier
     1>g:\arko\computer programming 3 projects\stats\stats\stat calc.cpp(87): error C2027: use of undefined type 'stat'
                 c:\program files (x86)\microsoft visual studio 12.0\vc\include\wchar.h(517) : see declaration of 'stat'
     1>g:\arko\computer programming 3 projects\stats\stats\stat calc.cpp(91): error C2065: 'mynon' : undeclared identifier
     1>g:\arko\computer programming 3 projects\stats\stats\stat calc.cpp(93): error C2065: 'rge' : undeclared identifier
     1>g:\arko\computer programming 3 projects\stats\stats\stat calc.cpp(93): error C2065: 'mymin' : undeclared identifier
     1>g:\arko\computer programming 3 projects\stats\stats\stat calc.cpp(94): error C2065: 'arrnum' : undeclared identifier
     1>g:\arko\computer programming 3 projects\stats\stats\stat calc.cpp(95): error C2065: 'arrnum' : undeclared identifier
     1>g:\arko\computer programming 3 projects\stats\stats\stat calc.cpp(96): error C2065: 'arrnum' : undeclared identifier
     1>g:\arko\computer programming 3 projects\stats\stats\stat calc.cpp(99): error C2027: use of undefined type 'stat'
                 c:\program files (x86)\microsoft visual studio 12.0\vc\include\wchar.h(517) : see declaration of 'stat'
     1>g:\arko\computer programming 3 projects\stats\stats\stat calc.cpp(103): error C2065: 'ans' : undeclared identifier
         Generating Code...
     1>Done Building Project "G:\arko\Computer Programming 3 projects\stats\stats\stats.vcxproj" (Build target(s)) -- FAILED.

Build FAILED.

Time Elapsed 00:00:01.96
