Build started 12/10/2015 11:16:32 PM.
     1>Project "G:\arko\Computer Programming 3 projects\scrabble 3\scrabble 3\scrabble 3.vcxproj" on node 2 (Build target(s)).
     1>ClCompile:
         C:\Program Files (x86)\Microsoft Visual Studio 12.0\VC\bin\CL.exe /c /ZI /nologo /W3 /WX- /sdl /Od /Oy- /D WIN32 /D _DEBUG /D _CONSOLE /D _LIB /D _UNICODE /D UNICODE /Gm /EHsc /RTC1 /MDd /GS /fp:precise /Zc:wchar_t /Zc:forScope /Yu"stdafx.h" /Fp"Debug\scrabble 3.pch" /Fo"Debug\\" /Fd"Debug\vc120.pdb" /Gd /TP /analyze- /errorReport:prompt "scrabble 3.cpp"
         scrabble 3.cpp
     1>g:\arko\computer programming 3 projects\scrabble 3\scrabble 3\scrabble 3.cpp(169): warning C4101: 'pos2' : unreferenced local variable
     1>g:\arko\computer programming 3 projects\scrabble 3\scrabble 3\scrabble 3.cpp(168): warning C4101: 'pos' : unreferenced local variable
       Link:
         C:\Program Files (x86)\Microsoft Visual Studio 12.0\VC\bin\link.exe /ERRORREPORT:PROMPT /OUT:"G:\arko\Computer Programming 3 projects\scrabble 3\Debug\scrabble 3.exe" /INCREMENTAL /NOLOGO kernel32.lib user32.lib gdi32.lib winspool.lib comdlg32.lib advapi32.lib shell32.lib ole32.lib oleaut32.lib uuid.lib odbc32.lib odbccp32.lib /MANIFEST /MANIFESTUAC:"level='asInvoker' uiAccess='false'" /manifest:embed /DEBUG /PDB:"G:\arko\Computer Programming 3 projects\scrabble 3\Debug\scrabble 3.pdb" /SUBSYSTEM:CONSOLE /TLBID:1 /DYNAMICBASE /NXCOMPAT /IMPLIB:"G:\arko\Computer Programming 3 projects\scrabble 3\Debug\scrabble 3.lib" /MACHINE:X86 Debug\player.obj
         "Debug\scrabble 3.obj"
         Debug\stdafx.obj
     1>scrabble 3.obj : error LNK2019: unresolved external symbol "public: void __thiscall player::alet(void)" (?alet@player@@QAEXXZ) referenced in function "void __cdecl input(void)" (?input@@YAXXZ)
     1>G:\arko\Computer Programming 3 projects\scrabble 3\Debug\scrabble 3.exe : fatal error LNK1120: 1 unresolved externals
     1>Done Building Project "G:\arko\Computer Programming 3 projects\scrabble 3\scrabble 3\scrabble 3.vcxproj" (Build target(s)) -- FAILED.

Build FAILED.

Time Elapsed 00:00:01.12
