Build started 11/28/2015 6:19:08 PM.
     1>Project "D:\CP3 Work\Projects\scrabble\scrabble\scrabble.vcxproj" on node 2 (Build target(s)).
     1>ClCompile:
         C:\Program Files (x86)\Microsoft Visual Studio 14.0\VC\bin\CL.exe /c /ZI /nologo /W3 /WX- /sdl /Od /Oy- /D _MBCS /Gm /EHsc /RTC1 /MDd /GS /fp:precise /Zc:wchar_t /Zc:forScope /Zc:inline /Fo"Debug\\" /Fd"Debug\vc140.pdb" /Gd /TP /analyze- /errorReport:prompt Source.cpp
         Source.cpp
     1>d:\cp3 work\projects\scrabble\scrabble\bagoftiles.h(36): error C2039: 'tile': is not a member of 'bagoftiles'
         d:\cp3 work\projects\scrabble\scrabble\bagoftiles.h(11): note: see declaration of 'bagoftiles'
     1>d:\cp3 work\projects\scrabble\scrabble\bagoftiles.h(38): error C2065: 'myt': undeclared identifier
     1>Done Building Project "D:\CP3 Work\Projects\scrabble\scrabble\scrabble.vcxproj" (Build target(s)) -- FAILED.

Build FAILED.

Time Elapsed 00:00:01.93
